2025-06-26 10:32:02,158 INFO Starting MT5 Trading Bot...
2025-06-26 10:32:02,164 INFO MT5 package version: 5.0.5120
2025-06-26 10:32:02,167 INFO Attempting to connect to running MT5 terminal...
2025-06-26 10:33:08,340 INFO Could not connect to a running instance. Attempting to launch and connect...
2025-06-26 10:34:14,398 INFO Initialization failed. Error code: (-10005, 'IPC timeout')
2025-06-26 10:34:28,590 INFO Starting MT5 Trading Bot...
2025-06-26 10:34:28,591 INFO MT5 package version: 5.0.5120
2025-06-26 10:34:28,592 INFO Attempting to connect to running MT5 terminal...
2025-06-26 10:35:34,279 INFO Could not connect to a running instance. Attempting to launch and connect...
2025-06-26 10:36:40,309 INFO Initialization failed. Error code: (-10005, 'IPC timeout')
2025-06-26 10:44:41,453 INFO Starting MT5 Trading Bot...
2025-06-26 10:44:41,454 INFO MT5 package version: 5.0.5120
2025-06-26 10:44:41,455 INFO Attempting to connect to running MT5 terminal...
2025-06-26 10:45:47,565 INFO Could not connect to a running instance. Attempting to launch and connect...
2025-06-26 10:45:47,569 INFO Initialization failed. Error code: (-10003, "IPC initialize failed, Process create failed 'C:\\Users\\User\\AppData\\Roaming\\MetaQuotes\\Terminal\\D0E8209F77C8CF37AD8BF550E51FF075\\terminal64.exe'")
2025-06-26 10:56:06,418 INFO Starting MT5 Trading Bot...
2025-06-26 10:56:06,418 INFO MT5 package version: 5.0.5120
2025-06-26 10:56:06,418 INFO Attempting to connect to running MT5 terminal...
2025-06-26 10:57:12,205 INFO Could not connect to a running instance. Attempting to launch and connect...
2025-06-26 10:57:12,208 INFO Initialization failed. Error code: (-10003, "IPC initialize failed, Process create failed 'C:\\Users\\User\\AppData\\Roaming\\MetaQuotes\\Terminal\\D0E8209F77C8CF37AD8BF550E51FF075\\terminal64.exe'")
2025-06-26 11:03:41,514 INFO Starting MT5 Trading Bot...
2025-06-26 11:03:41,515 INFO MT5 package version: 5.0.5120
2025-06-26 11:03:41,515 INFO Attempting to connect to a running MT5 terminal...
2025-06-26 11:04:47,437 INFO Initialization failed. Could not connect to a running MT5 terminal. Error code: (-10005, 'IPC timeout')
2025-06-26 11:04:47,438 INFO Please ensure the MT5 terminal is running and you are logged in.
2025-06-26 11:29:30,250 INFO Starting MT5 Trading Bot...
2025-06-26 11:29:30,251 INFO MT5 package version: 5.0.5120
2025-06-26 11:29:30,252 INFO Attempting to connect to a running MT5 terminal...
2025-06-26 11:32:01,072 INFO Starting MT5 Trading Bot...
2025-06-26 11:32:01,074 INFO MT5 package version: 5.0.5120
2025-06-26 11:32:01,079 INFO Attempting to connect to a running MT5 terminal...
2025-06-26 11:33:06,510 INFO Initialization failed. Could not connect to a running MT5 terminal. Error code: (-10005, 'IPC timeout')
2025-06-26 11:33:06,511 INFO Please ensure the MT5 terminal is running and you are logged in.
